


ARM Macro Assembler    Page 1 


    1 00000000                 AREA             AsmTemplate, CODE, READONLY
    2 00000000                 IMPORT           main
    3 00000000         
    4 00000000         ; sample program makes the 4 LEDs P1.16, P1.17, P1.18, P
                       1.19 go on and off in sequence
    5 00000000         ; (c) Mike Brady, 2011 -- 2019.
    6 00000000         
    7 00000000                 EXPORT           start
    8 00000000         start
    9 00000000         
   10 00000000 E0028018 
                       IO1DIR  EQU              0xE0028018
   11 00000000 E0028014 
                       IO1SET  EQU              0xE0028014
   12 00000000 E002801C 
                       IO1CLR  EQU              0xE002801C
   13 00000000 E0028010 
                       IO1PIN  EQU              0xE0028010
   14 00000000         
   15 00000000         start_clac
   16 00000000 EB000092        BL               LED_OFF
   17 00000004         
   18 00000004 E3A00000        MOV              R0,#0       ;RO = FIRST NUMBER
   19 00000008 E3A01000        MOV              R1,#0       ;R1 = SECOND NUMVER
                                                            
   20 0000000C E3A0C000        MOV              R12,#0      ;R12 = temp (checks
                                                             if operation is ad
                                                            d or sub etc)
   21 00000010         
   22 00000010         
   23 00000010         ;CHECK EACH OF THE PINS P.20-23 IF PRESSED
   24 00000010 E59F2278        LDR              R2,=IO1PIN
   25 00000014         waitingForPressed
   26 00000014 E5923000        LDR              R3,[R2]
   27 00000018         checkP1_20
   28 00000018 E2034601        AND              R4,R3,#0x00100000
   29 0000001C E3540000        CMP              R4,#0
   30 00000020 1A000000        BNE              checkP1_21
   31 00000024 EA000049        B                pressed_P1_20
   32 00000028         checkP1_21
   33 00000028 E2034602        AND              R4,R3,#0x00200000
   34 0000002C E3540000        CMP              R4,#0
   35 00000030 1A000000        BNE              checkP1_22
   36 00000034 EA000024        B                pressed_P1_21
   37 00000038         checkP1_22
   38 00000038 E2034501        AND              R4,R3,#0x00400000
   39 0000003C E3540000        CMP              R4,#0
   40 00000040 1A000000        BNE              checkP1_23
   41 00000044 EA000012        B                pressed_P1_22
   42 00000048         checkP1_23
   43 00000048 E2034502        AND              R4,R3,#0x00800000
   44 0000004C E3540000        CMP              R4,#0
   45 00000050 1A000000        BNE              end_Loop
   46 00000054 EA000000        B                pressed_P1_23
   47 00000058         end_Loop
   48 00000058 EAFFFFED        B                waitingForPressed
   49 0000005C         
   50 0000005C         
   51 0000005C         



ARM Macro Assembler    Page 2 


   52 0000005C         pressed_P1_23
   53 0000005C         ;MOST RIGHT WILL ENTER NUMBER
   54 0000005C E35C0003        CMP              R12,#3      ;if R12 = 3 then cl
                                                            ear disp
   55 00000060 0A000057        BEQ              clearDisplay
   56 00000064 E2800001        ADD              R0,R0,#1
   57 00000068         ;pressed_MostRight2  
   58 00000068 EB000078        BL               LED_OFF
   59 0000006C EB00005A        BL               expressNumber
   60 00000070         
   61 00000070         pressed_P1_23_while
   62 00000070 E59FA21C        LDR              R10,=1000000 ;timer
   63 00000074         wait2
   64 00000074 E25AA001        subs             R10,R10,#1
   65 00000078 1AFFFFFD        BNE              wait2
   66 0000007C E5923000        LDR              R3,[R2]
   67 00000080 E2034502        AND              R4,R3,#0x00800000 
                                                            ;if pressed is p23
   68 00000084 E3540000        CMP              R4,#0
   69 00000088 0AFFFFF8        BEQ              pressed_P1_23_while
   70 0000008C E1A09000        MOV              R9,R0
   71 00000090 EAFFFFDF        B                waitingForPressed
   72 00000094         
   73 00000094         
   74 00000094         
   75 00000094         
   76 00000094         
   77 00000094         pressed_P1_22
   78 00000094         ;SECOND TO RIGHT
   79 00000094 E35C0003        CMP              R12,#3
   80 00000098 0A000049        BEQ              clearDisplay
   81 0000009C E2400001        SUB              R0,R0,#1
   82 000000A0         ;pressed_SecondRight2  
   83 000000A0 EB00006A        BL               LED_OFF
   84 000000A4 EB00004C        BL               expressNumber
   85 000000A8         
   86 000000A8         pressed_P1_22_while
   87 000000A8 E59FA1E4        LDR              R10,=1000000 ;timer
   88 000000AC         wait
   89 000000AC E25AA001        subs             R10,R10,#1
   90 000000B0 1AFFFFFD        BNE              wait
   91 000000B4 E5923000        LDR              R3,[R2]
   92 000000B8 E2034501        AND              R4,R3,#0x00400000 ;(makes sure 
                                                            that it is pressed 
                                                            once)
   93 000000BC E3540000        CMP              R4,#0
   94 000000C0 0AFFFFF8        BEQ              pressed_P1_22_while
   95 000000C4 E1A09000        MOV              R9,R0
   96 000000C8 EAFFFFD1        B                waitingForPressed
   97 000000CC         
   98 000000CC         
   99 000000CC         
  100 000000CC         ;;;;;;;;;;;;;;;;;;;;;;;;;;;;;;;;;;
  101 000000CC         
  102 000000CC         
  103 000000CC         pressed_P1_21
  104 000000CC         ;SECOND TO LEFT
  105 000000CC E3A0B000        MOV              R11,#0
  106 000000D0 E59F81C0        LDR              R8, =0x00F42400



ARM Macro Assembler    Page 3 


  107 000000D4         pressed_P1_21_while
  108 000000D4 E59FA1B8        LDR              R10,=1000000 ;timer
  109 000000D8 E28BB001        ADD              R11,R11,#1
  110 000000DC         wait3
  111 000000DC E25AA001        subs             R10,R10,#1
  112 000000E0 E28BB001        ADD              R11,R11,#1
  113 000000E4 1AFFFFFC        BNE              wait3
  114 000000E8 E5923000        LDR              R3,[R2]
  115 000000EC E2034602        AND              R4,R3,#0x00200000 
                                                            ;check if p_21
  116 000000F0 E3540000        CMP              R4,#0
  117 000000F4 0AFFFFF6        BEQ              pressed_P1_21_while
  118 000000F8 E15B0008        CMP              R11,R8      ;press more than 2s
                                                            econds (longpress)
  119 000000FC 2A00000E        BHS              P1_21_longPressed
  120 00000100         
  121 00000100 E35C0001        CMP              R12,#1      ;if R12 = 1 THEN DO
                                                             ADDITTION
  122 00000104 0A000008        BEQ              calculate_add
  123 00000108 E35C0002        CMP              R12,#2      ;IF R12 = 2 THEN DO
                                                             SUBTRACTION
  124 0000010C 0A000027        BEQ              calculate_sub
  125 00000110 E35C0003        CMP              R12,#3      ;ELSE RESET
  126 00000114 0AFFFFBE        BEQ              waitingForPressed
  127 00000118         
  128 00000118 E1A01000        MOV              R1,R0
  129 0000011C E3A00000        MOV              R0,#0
  130 00000120 E3A0C001        MOV              R12,#1      ;addittion
  131 00000124 EB000049        BL               LED_OFF
  132 00000128 EA000002        B                pressed_SecondLeft_end
  133 0000012C         
  134 0000012C         
  135 0000012C         calculate_add                        ;calc addittion
  136 0000012C E0800001        ADD              R0,R0,R1
  137 00000130 EB000029        BL               expressNumber
  138 00000134 E3A0C003        MOV              R12,#3
  139 00000138         pressed_SecondLeft_end
  140 00000138 EAFFFFB5        B                waitingForPressed
  141 0000013C         
  142 0000013C         P1_21_longPressed
  143 0000013C E1A00001        MOV              R0, R1
  144 00000140 E3A01000        MOV              R1, #0
  145 00000144 E3A0C000        MOV              R12,#0
  146 00000148 EB000040        BL               LED_OFF
  147 0000014C EAFFFFB0        B                waitingForPressed
  148 00000150         
  149 00000150         
  150 00000150         
  151 00000150         ;;;;;;;;;;;;;;;;;;;;;;;;;;;;;;;;;;;;;;;;;  
  152 00000150         
  153 00000150         
  154 00000150         pressed_P1_20
  155 00000150         ;LEFTMOST
  156 00000150 E3A0B000        MOV              R11,#0      ;timer
  157 00000154 E59F813C        LDR              R8, =0x00F42400
  158 00000158         pressed_P1_20_while
  159 00000158 E59FA134        LDR              R10,=1000000 ;timer
  160 0000015C E28BB001        ADD              R11,R11,#1
  161 00000160         wait4



ARM Macro Assembler    Page 4 


  162 00000160 E25AA001        subs             R10,R10,#1
  163 00000164 E28BB001        ADD              R11,R11,#1
  164 00000168 1AFFFFFC        BNE              wait4
  165 0000016C E5923000        LDR              R3,[R2]
  166 00000170 E2034601        AND              R4,R3,#0x00100000 ;check if p1_
                                                            20 (makes sure that
                                                             it is pressed once
                                                            )
  167 00000174 E3540000        CMP              R4,#0
  168 00000178 0AFFFFF6        BEQ              pressed_P1_20_while
  169 0000017C E15B0008        CMP              R11,R8      ;press more than 2s
                                                            econds(longpress)
  170 00000180 2A00000E        BHS              P1_20_longPressed
  171 00000184         
  172 00000184 E35C0001        CMP              R12,#1
  173 00000188 0AFFFFE7        BEQ              calculate_add
  174 0000018C E35C0002        CMP              R12,#2
  175 00000190 0A000006        BEQ              calculate_sub
  176 00000194 E35C0003        CMP              R12,#3
  177 00000198 0AFFFF9D        BEQ              waitingForPressed
  178 0000019C E1A01000        MOV              R1,R0
  179 000001A0 E3A00000        MOV              R0,#0
  180 000001A4 E3A0C002        MOV              R12,#2      ;subtraction
  181 000001A8 EB000028        BL               LED_OFF
  182 000001AC EA000002        B                pressed_MostLeft_end
  183 000001B0         
  184 000001B0         
  185 000001B0         calculate_sub                        ;Calc subtraction
  186 000001B0 E0410000        SUB              R0,R1,R0
  187 000001B4 EB000008        BL               expressNumber
  188 000001B8 E3A0C003        MOV              R12,#3
  189 000001BC         pressed_MostLeft_end
  190 000001BC EAFFFF94        B                waitingForPressed
  191 000001C0         
  192 000001C0         
  193 000001C0         P1_20_longPressed
  194 000001C0 EAFFFF8E        B                start_clac  ;resets
  195 000001C4         
  196 000001C4         
  197 000001C4         clearDisplay
  198 000001C4 EB000021        BL               LED_OFF
  199 000001C8 E3A0C000        MOV              R12,#0
  200 000001CC E59FA0C8        LDR              R10,=4000000
  201 000001D0         
  202 000001D0         wait5
  203 000001D0 E25AA001        SUBS             R10,R10,#1
  204 000001D4 1AFFFFFD        BNE              wait5
  205 000001D8 EAFFFF8D        B                waitingForPressed
  206 000001DC         
  207 000001DC         
  208 000001DC         
  209 000001DC         
  210 000001DC         ;expressNumber subroutine
  211 000001DC         ;parameters
  212 000001DC         ; R0 -> number to be expressed by the LEDs
  213 000001DC         expressNumber
  214 000001DC         
  215 000001DC E92D020E        STMFD            SP!,{R1-R3,R9}
  216 000001E0         positive_number



ARM Macro Assembler    Page 5 


  217 000001E0 E59F10B8        ldr              r1,=IO1DIR
  218 000001E4 E3A0280F        ldr              r2,=0x000f0000 ;select P1.19--P
                                                            1.16
  219 000001E8 E5812000        str              r2,[r1]     ;make them outputs
  220 000001EC E59F10B0        ldr              r1,=IO1SET
  221 000001F0 E5812000        str              r2,[r1]     ;set them to turn t
                                                            he LEDs off
  222 000001F4 E59F20AC        ldr              r2,=IO1CLR
  223 000001F8         ; r1 -> SET register
  224 000001F8         ; r2 -> CLEAR register
  225 000001F8         
  226 000001F8         
  227 000001F8 E3A03801        ldr              r3,=0x00010000 
                                                            ;start with P1.16.
  228 000001FC         firstbit
  229 000001FC E2009008        AND              R9,R0,#0x00000008
  230 00000200 E3590008        CMP              R9,#0x00000008
  231 00000204 1A000000        BNE              secondbit
  232 00000208 E5823000        STR              r3,[r2]     ;clear the bit and 
                                                            turn on  LED
  233 0000020C         
  234 0000020C         secondbit
  235 0000020C E1A03083        MOV              r3,r3,lsl #1 ;shift to next bit
                                                             P1.17
  236 00000210 E2009004        AND              R9,R0,#0x00000004
  237 00000214 E3590004        CMP              R9,#0x00000004
  238 00000218 1A000000        BNE              thirdbit
  239 0000021C E5823000        STR              r3,[r2]     ;clear the bit -> t
                                                            urn on the LED
  240 00000220         
  241 00000220         thirdbit
  242 00000220 E1A03083        MOV              r3,r3,lsl #1 
                                                            ;shift to bit P1.18
                                                            
  243 00000224 E2009002        AND              R9,R0,#0x00000002
  244 00000228 E3590002        CMP              R9,#0x00000002
  245 0000022C 1A000000        BNE              fourthbit
  246 00000230 E5823000        STR              r3,[r2]     ;clear the bit and 
                                                            turn on LED
  247 00000234         
  248 00000234         fourthbit
  249 00000234 E1A03083        MOV              r3,r3,lsl #1 
                                                            ;shift to bit P1.19
                                                            
  250 00000238 E2009001        AND              R9,R0,#0x00000001
  251 0000023C E3590001        CMP              R9,#0x00000001
  252 00000240 1A000000        BNE              end_expressNumber
  253 00000244 E5823000        STR              r3,[r2]     ;clear the bit and 
                                                            turn on LED
  254 00000248         
  255 00000248         end_expressNumber
  256 00000248         
  257 00000248 E8BD020E        LDMFD            SP!,{R1-R3,R9}
  258 0000024C E12FFF1E        BX               R14
  259 00000250         ;end of subroutine
  260 00000250         
  261 00000250         
  262 00000250         
  263 00000250         ;LED_OFF subroutine



ARM Macro Assembler    Page 6 


  264 00000250         LED_OFF
  265 00000250 E92D000E        STMFD            SP ! , {R1-R3 }
  266 00000254         
  267 00000254 E59F1044        ldr              r1,=IO1DIR
  268 00000258 E3A0280F        ldr              r2,=0x000f0000 ;select P1.19--P
                                                            1.16
  269 0000025C E5812000        str              r2,[r1]     ;make them outputs
  270 00000260 E59F103C        ldr              r1,=IO1SET
  271 00000264 E5812000        str              r2,[r1]     ;set them to turn t
                                                            he LEDs off
  272 00000268 E59F2038        ldr              r2,=IO1CLR
  273 0000026C         ; r1 points to the SET register
  274 0000026C         ; r2 points to the CLEAR register  
  275 0000026C E3A03801        ldr              r3,=0x00010000 
                                                            ;start with P1.16.
  276 00000270         
  277 00000270         
  278 00000270 E59F1028        ldr              r1,=IO1DIR
  279 00000274 E3A0280F        ldr              r2,=0x000f0000 ;select P1.19--P
                                                            1.16
  280 00000278 E5812000        str              r2,[r1]     ;make them outputs
  281 0000027C E59F1020        ldr              r1,=IO1SET
  282 00000280 E5812000        str              r2,[r1]     ;set them to turn t
                                                            he LEDs off
  283 00000284 E59F201C        ldr              r2,=IO1CLR
  284 00000288         ; r1 points to the SET register
  285 00000288         ; r2 points to the CLEAR register
  286 00000288 E8BD000E        LDMFD            SP ! , {R1-R3 }
  287 0000028C E12FFF1E        BX               R14
  288 00000290         
  289 00000290         END
                       
              E0028010 
              000F4240 
              00F42400 
              003D0900 
              E0028018 
              E0028014 
              E002801C 
Command Line: --debug --xref --diag_suppress=9931 --apcs=interwork --depend=.\a
pp.d -o.\app.o -IC:\Keil_v5\ARM\RV31\INC -IC:\Keil_v5\ARM\CMSIS\Include -IC:\Ke
il_v5\ARM\Inc\Philips --predefine="__EVAL SETA 1" --predefine="__MICROLIB SETA 
1" --predefine="__UVISION_VERSION SETA 516" --list=.\listings\app.lst App.s



ARM Macro Assembler    Page 1 Alphabetic symbol ordering
Relocatable symbols

AsmTemplate 00000000

Symbol: AsmTemplate
   Definitions
      At line 1 in file App.s
   Uses
      None
Comment: AsmTemplate unused
END 00000290

Symbol: END
   Definitions
      At line 289 in file App.s
   Uses
      None
Comment: END unused
LED_OFF 00000250

Symbol: LED_OFF
   Definitions
      At line 264 in file App.s
   Uses
      At line 16 in file App.s
      At line 58 in file App.s
      At line 83 in file App.s
      At line 131 in file App.s
      At line 146 in file App.s
      At line 181 in file App.s
      At line 198 in file App.s

P1_20_longPressed 000001C0

Symbol: P1_20_longPressed
   Definitions
      At line 193 in file App.s
   Uses
      At line 170 in file App.s
Comment: P1_20_longPressed used once
P1_21_longPressed 0000013C

Symbol: P1_21_longPressed
   Definitions
      At line 142 in file App.s
   Uses
      At line 119 in file App.s
Comment: P1_21_longPressed used once
calculate_add 0000012C

Symbol: calculate_add
   Definitions
      At line 135 in file App.s
   Uses
      At line 122 in file App.s
      At line 173 in file App.s

calculate_sub 000001B0

Symbol: calculate_sub
   Definitions



ARM Macro Assembler    Page 2 Alphabetic symbol ordering
Relocatable symbols

      At line 185 in file App.s
   Uses
      At line 124 in file App.s
      At line 175 in file App.s

checkP1_20 00000018

Symbol: checkP1_20
   Definitions
      At line 27 in file App.s
   Uses
      None
Comment: checkP1_20 unused
checkP1_21 00000028

Symbol: checkP1_21
   Definitions
      At line 32 in file App.s
   Uses
      At line 30 in file App.s
Comment: checkP1_21 used once
checkP1_22 00000038

Symbol: checkP1_22
   Definitions
      At line 37 in file App.s
   Uses
      At line 35 in file App.s
Comment: checkP1_22 used once
checkP1_23 00000048

Symbol: checkP1_23
   Definitions
      At line 42 in file App.s
   Uses
      At line 40 in file App.s
Comment: checkP1_23 used once
clearDisplay 000001C4

Symbol: clearDisplay
   Definitions
      At line 197 in file App.s
   Uses
      At line 55 in file App.s
      At line 80 in file App.s

end_Loop 00000058

Symbol: end_Loop
   Definitions
      At line 47 in file App.s
   Uses
      At line 45 in file App.s
Comment: end_Loop used once
end_expressNumber 00000248

Symbol: end_expressNumber
   Definitions
      At line 255 in file App.s



ARM Macro Assembler    Page 3 Alphabetic symbol ordering
Relocatable symbols

   Uses
      At line 252 in file App.s
Comment: end_expressNumber used once
expressNumber 000001DC

Symbol: expressNumber
   Definitions
      At line 213 in file App.s
   Uses
      At line 59 in file App.s
      At line 84 in file App.s
      At line 137 in file App.s
      At line 187 in file App.s

firstbit 000001FC

Symbol: firstbit
   Definitions
      At line 228 in file App.s
   Uses
      None
Comment: firstbit unused
fourthbit 00000234

Symbol: fourthbit
   Definitions
      At line 248 in file App.s
   Uses
      At line 245 in file App.s
Comment: fourthbit used once
positive_number 000001E0

Symbol: positive_number
   Definitions
      At line 216 in file App.s
   Uses
      None
Comment: positive_number unused
pressed_MostLeft_end 000001BC

Symbol: pressed_MostLeft_end
   Definitions
      At line 189 in file App.s
   Uses
      At line 182 in file App.s
Comment: pressed_MostLeft_end used once
pressed_P1_20 00000150

Symbol: pressed_P1_20
   Definitions
      At line 154 in file App.s
   Uses
      At line 31 in file App.s
Comment: pressed_P1_20 used once
pressed_P1_20_while 00000158

Symbol: pressed_P1_20_while
   Definitions
      At line 158 in file App.s



ARM Macro Assembler    Page 4 Alphabetic symbol ordering
Relocatable symbols

   Uses
      At line 168 in file App.s
Comment: pressed_P1_20_while used once
pressed_P1_21 000000CC

Symbol: pressed_P1_21
   Definitions
      At line 103 in file App.s
   Uses
      At line 36 in file App.s
Comment: pressed_P1_21 used once
pressed_P1_21_while 000000D4

Symbol: pressed_P1_21_while
   Definitions
      At line 107 in file App.s
   Uses
      At line 117 in file App.s
Comment: pressed_P1_21_while used once
pressed_P1_22 00000094

Symbol: pressed_P1_22
   Definitions
      At line 77 in file App.s
   Uses
      At line 41 in file App.s
Comment: pressed_P1_22 used once
pressed_P1_22_while 000000A8

Symbol: pressed_P1_22_while
   Definitions
      At line 86 in file App.s
   Uses
      At line 94 in file App.s
Comment: pressed_P1_22_while used once
pressed_P1_23 0000005C

Symbol: pressed_P1_23
   Definitions
      At line 52 in file App.s
   Uses
      At line 46 in file App.s
Comment: pressed_P1_23 used once
pressed_P1_23_while 00000070

Symbol: pressed_P1_23_while
   Definitions
      At line 61 in file App.s
   Uses
      At line 69 in file App.s
Comment: pressed_P1_23_while used once
pressed_SecondLeft_end 00000138

Symbol: pressed_SecondLeft_end
   Definitions
      At line 139 in file App.s
   Uses
      At line 132 in file App.s
Comment: pressed_SecondLeft_end used once



ARM Macro Assembler    Page 5 Alphabetic symbol ordering
Relocatable symbols

secondbit 0000020C

Symbol: secondbit
   Definitions
      At line 234 in file App.s
   Uses
      At line 231 in file App.s
Comment: secondbit used once
start 00000000

Symbol: start
   Definitions
      At line 8 in file App.s
   Uses
      At line 7 in file App.s
Comment: start used once
start_clac 00000000

Symbol: start_clac
   Definitions
      At line 15 in file App.s
   Uses
      At line 194 in file App.s
Comment: start_clac used once
thirdbit 00000220

Symbol: thirdbit
   Definitions
      At line 241 in file App.s
   Uses
      At line 238 in file App.s
Comment: thirdbit used once
wait 000000AC

Symbol: wait
   Definitions
      At line 88 in file App.s
   Uses
      At line 90 in file App.s
Comment: wait used once
wait2 00000074

Symbol: wait2
   Definitions
      At line 63 in file App.s
   Uses
      At line 65 in file App.s
Comment: wait2 used once
wait3 000000DC

Symbol: wait3
   Definitions
      At line 110 in file App.s
   Uses
      At line 113 in file App.s
Comment: wait3 used once
wait4 00000160

Symbol: wait4



ARM Macro Assembler    Page 6 Alphabetic symbol ordering
Relocatable symbols

   Definitions
      At line 161 in file App.s
   Uses
      At line 164 in file App.s
Comment: wait4 used once
wait5 000001D0

Symbol: wait5
   Definitions
      At line 202 in file App.s
   Uses
      At line 204 in file App.s
Comment: wait5 used once
waitingForPressed 00000014

Symbol: waitingForPressed
   Definitions
      At line 25 in file App.s
   Uses
      At line 48 in file App.s
      At line 71 in file App.s
      At line 96 in file App.s
      At line 126 in file App.s
      At line 140 in file App.s
      At line 147 in file App.s
      At line 177 in file App.s
      At line 190 in file App.s
      At line 205 in file App.s

38 symbols



ARM Macro Assembler    Page 1 Alphabetic symbol ordering
Absolute symbols

IO1CLR E002801C

Symbol: IO1CLR
   Definitions
      At line 12 in file App.s
   Uses
      At line 222 in file App.s
      At line 272 in file App.s
      At line 283 in file App.s

IO1DIR E0028018

Symbol: IO1DIR
   Definitions
      At line 10 in file App.s
   Uses
      At line 217 in file App.s
      At line 267 in file App.s
      At line 278 in file App.s

IO1PIN E0028010

Symbol: IO1PIN
   Definitions
      At line 13 in file App.s
   Uses
      At line 24 in file App.s
Comment: IO1PIN used once
IO1SET E0028014

Symbol: IO1SET
   Definitions
      At line 11 in file App.s
   Uses
      At line 220 in file App.s
      At line 270 in file App.s
      At line 281 in file App.s

4 symbols



ARM Macro Assembler    Page 1 Alphabetic symbol ordering
External symbols

main 00000000

Symbol: main
   Definitions
      At line 2 in file App.s
   Uses
      None
Comment: main unused
1 symbol
378 symbols in table
